<?xml version="1.0" encoding="UTF-8"?>
<testsuite xmlns:xsi="http://www.w3.org/2001/XMLSchema-instance" xsi:noNamespaceSchemaLocation="https://maven.apache.org/surefire/maven-surefire-plugin/xsd/surefire-test-report-3.0.xsd" version="3.0" name="com.runnerUtilies.TestRunner" time="38.657" tests="0" errors="0" skipped="0" failures="0">
  <properties>
    <property name="sun.desktop" value="gnome"/>
    <property name="awt.toolkit" value="sun.awt.X11.XToolkit"/>
    <property name="java.specification.version" value="11"/>
    <property name="webdriver.chrome.driver" value="/home/pihu/.m2/repository/webdriver/chromedriver/linux64/90.0.4430.24/chromedriver"/>
    <property name="sun.cpu.isalist" value=""/>
    <property name="sun.jnu.encoding" value="UTF-8"/>
    <property name="java.class.path" value="/home/pihu/dil_automation/target/test-classes:/home/pihu/dil_automation/target/classes:/home/pihu/.m2/repository/org/seleniumhq/selenium/selenium-java/3.141.59/selenium-java-3.141.59.jar:/home/pihu/.m2/repository/org/seleniumhq/selenium/selenium-api/3.141.59/selenium-api-3.141.59.jar:/home/pihu/.m2/repository/org/seleniumhq/selenium/selenium-chrome-driver/3.141.59/selenium-chrome-driver-3.141.59.jar:/home/pihu/.m2/repository/org/seleniumhq/selenium/selenium-edge-driver/3.141.59/selenium-edge-driver-3.141.59.jar:/home/pihu/.m2/repository/org/seleniumhq/selenium/selenium-firefox-driver/3.141.59/selenium-firefox-driver-3.141.59.jar:/home/pihu/.m2/repository/org/seleniumhq/selenium/selenium-ie-driver/3.141.59/selenium-ie-driver-3.141.59.jar:/home/pihu/.m2/repository/org/seleniumhq/selenium/selenium-opera-driver/3.141.59/selenium-opera-driver-3.141.59.jar:/home/pihu/.m2/repository/org/seleniumhq/selenium/selenium-remote-driver/3.141.59/selenium-remote-driver-3.141.59.jar:/home/pihu/.m2/repository/org/seleniumhq/selenium/selenium-safari-driver/3.141.59/selenium-safari-driver-3.141.59.jar:/home/pihu/.m2/repository/org/seleniumhq/selenium/selenium-support/3.141.59/selenium-support-3.141.59.jar:/home/pihu/.m2/repository/net/bytebuddy/byte-buddy/1.8.15/byte-buddy-1.8.15.jar:/home/pihu/.m2/repository/org/apache/commons/commons-exec/1.3/commons-exec-1.3.jar:/home/pihu/.m2/repository/com/google/guava/guava/25.0-jre/guava-25.0-jre.jar:/home/pihu/.m2/repository/com/google/code/findbugs/jsr305/1.3.9/jsr305-1.3.9.jar:/home/pihu/.m2/repository/org/checkerframework/checker-compat-qual/2.0.0/checker-compat-qual-2.0.0.jar:/home/pihu/.m2/repository/com/google/errorprone/error_prone_annotations/2.1.3/error_prone_annotations-2.1.3.jar:/home/pihu/.m2/repository/com/google/j2objc/j2objc-annotations/1.1/j2objc-annotations-1.1.jar:/home/pihu/.m2/repository/org/codehaus/mojo/animal-sniffer-annotations/1.14/animal-sniffer-annotations-1.14.jar:/home/pihu/.m2/repository/com/squareup/okhttp3/okhttp/3.11.0/okhttp-3.11.0.jar:/home/pihu/.m2/repository/com/squareup/okio/okio/1.14.0/okio-1.14.0.jar:/home/pihu/.m2/repository/org/seleniumhq/selenium/selenium-htmlunit-driver/2.52.0/selenium-htmlunit-driver-2.52.0.jar:/home/pihu/.m2/repository/net/sourceforge/htmlunit/htmlunit/2.18/htmlunit-2.18.jar:/home/pihu/.m2/repository/xalan/xalan/2.7.2/xalan-2.7.2.jar:/home/pihu/.m2/repository/xalan/serializer/2.7.2/serializer-2.7.2.jar:/home/pihu/.m2/repository/net/sourceforge/htmlunit/htmlunit-core-js/2.17/htmlunit-core-js-2.17.jar:/home/pihu/.m2/repository/xerces/xercesImpl/2.11.0/xercesImpl-2.11.0.jar:/home/pihu/.m2/repository/net/sourceforge/nekohtml/nekohtml/1.9.22/nekohtml-1.9.22.jar:/home/pihu/.m2/repository/net/sourceforge/cssparser/cssparser/0.9.16/cssparser-0.9.16.jar:/home/pihu/.m2/repository/org/w3c/css/sac/1.3/sac-1.3.jar:/home/pihu/.m2/repository/commons-logging/commons-logging/1.2/commons-logging-1.2.jar:/home/pihu/.m2/repository/org/eclipse/jetty/websocket/websocket-client/9.2.12.v20150709/websocket-client-9.2.12.v20150709.jar:/home/pihu/.m2/repository/org/eclipse/jetty/jetty-util/9.2.12.v20150709/jetty-util-9.2.12.v20150709.jar:/home/pihu/.m2/repository/org/eclipse/jetty/jetty-io/9.2.12.v20150709/jetty-io-9.2.12.v20150709.jar:/home/pihu/.m2/repository/org/eclipse/jetty/websocket/websocket-common/9.2.12.v20150709/websocket-common-9.2.12.v20150709.jar:/home/pihu/.m2/repository/org/eclipse/jetty/websocket/websocket-api/9.2.12.v20150709/websocket-api-9.2.12.v20150709.jar:/home/pihu/.m2/repository/commons-collections/commons-collections/3.2.2/commons-collections-3.2.2.jar:/home/pihu/.m2/repository/org/apache/httpcomponents/httpclient/4.5.1/httpclient-4.5.1.jar:/home/pihu/.m2/repository/org/apache/httpcomponents/httpcore/4.4.3/httpcore-4.4.3.jar:/home/pihu/.m2/repository/io/cucumber/cucumber-picocontainer/5.7.0/cucumber-picocontainer-5.7.0.jar:/home/pihu/.m2/repository/org/apiguardian/apiguardian-api/1.1.0/apiguardian-api-1.1.0.jar:/home/pihu/.m2/repository/org/picocontainer/picocontainer/2.15/picocontainer-2.15.jar:/home/pihu/.m2/repository/log4j/log4j/1.2.17/log4j-1.2.17.jar:/home/pihu/.m2/repository/junit/junit/4.13/junit-4.13.jar:/home/pihu/.m2/repository/org/hamcrest/hamcrest-core/1.3/hamcrest-core-1.3.jar:/home/pihu/.m2/repository/com/github/mkolisnyk/cucumber-runner/1.0.8/cucumber-runner-1.0.8.jar:/home/pihu/.m2/repository/com/github/mkolisnyk/cucumber-report-generator/1.0.8/cucumber-report-generator-1.0.8.jar:/home/pihu/.m2/repository/xml-apis/xml-apis/1.4.01/xml-apis-1.4.01.jar:/home/pihu/.m2/repository/batik/batik-transcoder/1.6-1/batik-transcoder-1.6-1.jar:/home/pihu/.m2/repository/batik/batik-bridge/1.6-1/batik-bridge-1.6-1.jar:/home/pihu/.m2/repository/batik/batik-gvt/1.6-1/batik-gvt-1.6-1.jar:/home/pihu/.m2/repository/batik/batik-awt-util/1.6-1/batik-awt-util-1.6-1.jar:/home/pihu/.m2/repository/batik/batik-util/1.6-1/batik-util-1.6-1.jar:/home/pihu/.m2/repository/batik/batik-gui-util/1.6-1/batik-gui-util-1.6-1.jar:/home/pihu/.m2/repository/batik/batik-ext/1.6-1/batik-ext-1.6-1.jar:/home/pihu/.m2/repository/xml-apis/xmlParserAPIs/2.0.2/xmlParserAPIs-2.0.2.jar:/home/pihu/.m2/repository/batik/batik-script/1.6-1/batik-script-1.6-1.jar:/home/pihu/.m2/repository/rhino/js/1.5R4.1/js-1.5R4.1.jar:/home/pihu/.m2/repository/batik/batik-svg-dom/1.6-1/batik-svg-dom-1.6-1.jar:/home/pihu/.m2/repository/batik/batik-dom/1.6-1/batik-dom-1.6-1.jar:/home/pihu/.m2/repository/batik/batik-css/1.6-1/batik-css-1.6-1.jar:/home/pihu/.m2/repository/batik/batik-xml/1.6-1/batik-xml-1.6-1.jar:/home/pihu/.m2/repository/batik/batik-parser/1.6-1/batik-parser-1.6-1.jar:/home/pihu/.m2/repository/com/itextpdf/itextpdf/5.5.10/itextpdf-5.5.10.jar:/home/pihu/.m2/repository/com/cedarsoftware/json-io/4.8.0/json-io-4.8.0.jar:/home/pihu/.m2/repository/info/cukes/cucumber-junit/1.2.5/cucumber-junit-1.2.5.jar:/home/pihu/.m2/repository/info/cukes/cucumber-core/1.2.5/cucumber-core-1.2.5.jar:/home/pihu/.m2/repository/info/cukes/cucumber-html/0.2.3/cucumber-html-0.2.3.jar:/home/pihu/.m2/repository/info/cukes/cucumber-jvm-deps/1.0.5/cucumber-jvm-deps-1.0.5.jar:/home/pihu/.m2/repository/info/cukes/gherkin/2.12.2/gherkin-2.12.2.jar:/home/pihu/.m2/repository/info/cukes/cucumber-testng/1.2.5/cucumber-testng-1.2.5.jar:/home/pihu/.m2/repository/org/xhtmlrenderer/flying-saucer-pdf/9.0.9/flying-saucer-pdf-9.0.9.jar:/home/pihu/.m2/repository/com/lowagie/itext/2.1.7/itext-2.1.7.jar:/home/pihu/.m2/repository/bouncycastle/bcmail-jdk14/138/bcmail-jdk14-138.jar:/home/pihu/.m2/repository/bouncycastle/bcprov-jdk14/138/bcprov-jdk14-138.jar:/home/pihu/.m2/repository/org/bouncycastle/bctsp-jdk14/1.38/bctsp-jdk14-1.38.jar:/home/pihu/.m2/repository/org/xhtmlrenderer/flying-saucer-core/9.0.9/flying-saucer-core-9.0.9.jar:/home/pihu/.m2/repository/org/apache/commons/commons-lang3/3.4/commons-lang3-3.4.jar:/home/pihu/.m2/repository/commons-codec/commons-codec/1.10/commons-codec-1.10.jar:/home/pihu/.m2/repository/org/javassist/javassist/3.22.0-CR1/javassist-3.22.0-CR1.jar:/home/pihu/.m2/repository/joda-time/joda-time/2.9.4/joda-time-2.9.4.jar:/home/pihu/.m2/repository/org/codehaus/plexus/plexus-utils/3.0.1/plexus-utils-3.0.1.jar:/home/pihu/.m2/repository/org/apache/maven/maven-plugin-api/2.0/maven-plugin-api-2.0.jar:/home/pihu/.m2/repository/org/apache/maven/reporting/maven-reporting-api/2.0.8/maven-reporting-api-2.0.8.jar:/home/pihu/.m2/repository/org/apache/maven/doxia/doxia-sink-api/1.0-alpha-9/doxia-sink-api-1.0-alpha-9.jar:/home/pihu/.m2/repository/org/apache/maven/reporting/maven-reporting-impl/2.0.4.3/maven-reporting-impl-2.0.4.3.jar:/home/pihu/.m2/repository/org/apache/maven/maven-project/2.0.4/maven-project-2.0.4.jar:/home/pihu/.m2/repository/org/apache/maven/maven-settings/2.0.4/maven-settings-2.0.4.jar:/home/pihu/.m2/repository/org/apache/maven/maven-profile/2.0.4/maven-profile-2.0.4.jar:/home/pihu/.m2/repository/org/apache/maven/maven-model/2.0.4/maven-model-2.0.4.jar:/home/pihu/.m2/repository/org/apache/maven/maven-artifact-manager/2.0.4/maven-artifact-manager-2.0.4.jar:/home/pihu/.m2/repository/org/apache/maven/maven-repository-metadata/2.0.4/maven-repository-metadata-2.0.4.jar:/home/pihu/.m2/repository/org/apache/maven/wagon/wagon-provider-api/1.0-alpha-6/wagon-provider-api-1.0-alpha-6.jar:/home/pihu/.m2/repository/org/apache/maven/maven-artifact/2.0.4/maven-artifact-2.0.4.jar:/home/pihu/.m2/repository/org/codehaus/plexus/plexus-container-default/1.0-alpha-9/plexus-container-default-1.0-alpha-9.jar:/home/pihu/.m2/repository/classworlds/classworlds/1.1-alpha-2/classworlds-1.1-alpha-2.jar:/home/pihu/.m2/repository/org/apache/maven/doxia/doxia-core/1.0/doxia-core-1.0.jar:/home/pihu/.m2/repository/org/apache/maven/doxia/doxia-site-renderer/1.0/doxia-site-renderer-1.0.jar:/home/pihu/.m2/repository/org/codehaus/plexus/plexus-i18n/1.0-beta-7/plexus-i18n-1.0-beta-7.jar:/home/pihu/.m2/repository/org/codehaus/plexus/plexus-velocity/1.1.7/plexus-velocity-1.1.7.jar:/home/pihu/.m2/repository/org/apache/velocity/velocity/1.5/velocity-1.5.jar:/home/pihu/.m2/repository/commons-lang/commons-lang/2.1/commons-lang-2.1.jar:/home/pihu/.m2/repository/org/apache/maven/doxia/doxia-decoration-model/1.0/doxia-decoration-model-1.0.jar:/home/pihu/.m2/repository/org/apache/maven/doxia/doxia-module-apt/1.0/doxia-module-apt-1.0.jar:/home/pihu/.m2/repository/org/apache/maven/doxia/doxia-module-fml/1.0/doxia-module-fml-1.0.jar:/home/pihu/.m2/repository/org/apache/maven/doxia/doxia-module-xdoc/1.0/doxia-module-xdoc-1.0.jar:/home/pihu/.m2/repository/org/apache/maven/doxia/doxia-module-xhtml/1.0/doxia-module-xhtml-1.0.jar:/home/pihu/.m2/repository/commons-validator/commons-validator/1.2.0/commons-validator-1.2.0.jar:/home/pihu/.m2/repository/commons-digester/commons-digester/1.6/commons-digester-1.6.jar:/home/pihu/.m2/repository/oro/oro/2.0.8/oro-2.0.8.jar:/home/pihu/.m2/repository/org/apache/maven/shared/maven-doxia-tools/1.0.2/maven-doxia-tools-1.0.2.jar:/home/pihu/.m2/repository/io/cucumber/cucumber-java/5.7.0/cucumber-java-5.7.0.jar:/home/pihu/.m2/repository/org/apache/maven/plugins/maven-failsafe-plugin/3.0.0-M4/maven-failsafe-plugin-3.0.0-M4.jar:/home/pihu/.m2/repository/org/apache/maven/surefire/maven-surefire-common/3.0.0-M4/maven-surefire-common-3.0.0-M4.jar:/home/pihu/.m2/repository/org/apache/maven/surefire/surefire-api/3.0.0-M4/surefire-api-3.0.0-M4.jar:/home/pihu/.m2/repository/org/apache/maven/surefire/surefire-logger-api/3.0.0-M4/surefire-logger-api-3.0.0-M4.jar:/home/pihu/.m2/repository/org/apache/maven/surefire/surefire-extensions-api/3.0.0-M4/surefire-extensions-api-3.0.0-M4.jar:/home/pihu/.m2/repository/org/apache/maven/surefire/surefire-booter/3.0.0-M4/surefire-booter-3.0.0-M4.jar:/home/pihu/.m2/repository/org/apache/maven/maven-toolchain/3.0-alpha-2/maven-toolchain-3.0-alpha-2.jar:/home/pihu/.m2/repository/org/apache/maven/shared/maven-artifact-transfer/0.11.0/maven-artifact-transfer-0.11.0.jar:/home/pihu/.m2/repository/org/apache/maven/shared/maven-common-artifact-filters/3.0.1/maven-common-artifact-filters-3.0.1.jar:/home/pihu/.m2/repository/org/sonatype/sisu/sisu-inject-plexus/1.4.2/sisu-inject-plexus-1.4.2.jar:/home/pihu/.m2/repository/org/codehaus/plexus/plexus-classworlds/2.2.3/plexus-classworlds-2.2.3.jar:/home/pihu/.m2/repository/org/sonatype/sisu/sisu-inject-bean/1.4.2/sisu-inject-bean-1.4.2.jar:/home/pihu/.m2/repository/org/sonatype/sisu/sisu-guice/2.1.7/sisu-guice-2.1.7-noaop.jar:/home/pihu/.m2/repository/org/apache/maven/shared/maven-shared-utils/3.1.0/maven-shared-utils-3.1.0.jar:/home/pihu/.m2/repository/org/codehaus/plexus/plexus-java/1.0.3/plexus-java-1.0.3.jar:/home/pihu/.m2/repository/org/ow2/asm/asm/7.0/asm-7.0.jar:/home/pihu/.m2/repository/com/thoughtworks/qdox/qdox/2.0-M9/qdox-2.0-M9.jar:/home/pihu/.m2/repository/io/cucumber/cucumber-core/5.7.0/cucumber-core-5.7.0.jar:/home/pihu/.m2/repository/io/cucumber/cucumber-gherkin/5.7.0/cucumber-gherkin-5.7.0.jar:/home/pihu/.m2/repository/io/cucumber/cucumber-gherkin-vintage/5.7.0/cucumber-gherkin-vintage-5.7.0.jar:/home/pihu/.m2/repository/io/cucumber/tag-expressions/2.0.4/tag-expressions-2.0.4.jar:/home/pihu/.m2/repository/io/cucumber/datatable/3.3.1/datatable-3.3.1.jar:/home/pihu/.m2/repository/io/cucumber/cucumber-plugin/5.7.0/cucumber-plugin-5.7.0.jar:/home/pihu/.m2/repository/io/cucumber/docstring/5.7.0/docstring-5.7.0.jar:/home/pihu/.m2/repository/io/cucumber/cucumber-testng/5.7.0/cucumber-testng-5.7.0.jar:/home/pihu/.m2/repository/org/testng/testng/7.1.0/testng-7.1.0.jar:/home/pihu/.m2/repository/com/beust/jcommander/1.72/jcommander-1.72.jar:/home/pihu/.m2/repository/com/google/inject/guice/4.1.0/guice-4.1.0-no_aop.jar:/home/pihu/.m2/repository/javax/inject/javax.inject/1/javax.inject-1.jar:/home/pihu/.m2/repository/aopalliance/aopalliance/1.0/aopalliance-1.0.jar:/home/pihu/.m2/repository/org/yaml/snakeyaml/1.21/snakeyaml-1.21.jar:/home/pihu/.m2/repository/io/cucumber/cucumber-junit/5.7.0/cucumber-junit-5.7.0.jar:/home/pihu/.m2/repository/io/cucumber/cucumber-expressions/10.1.0/cucumber-expressions-10.1.0.jar:/home/pihu/.m2/repository/com/vimalselvam/cucumber-extentsreport/3.0.2/cucumber-extentsreport-3.0.2.jar:/home/pihu/.m2/repository/tech/grasshopper/extentreports-cucumber5-adapter/2.8.1/extentreports-cucumber5-adapter-2.8.1.jar:/home/pihu/.m2/repository/com/aventstack/extentreports/5.0.6/extentreports-5.0.6.jar:/home/pihu/.m2/repository/io/reactivex/rxjava3/rxjava/3.0.4/rxjava-3.0.4.jar:/home/pihu/.m2/repository/org/reactivestreams/reactive-streams/1.0.3/reactive-streams-1.0.3.jar:/home/pihu/.m2/repository/org/freemarker/freemarker/2.3.30/freemarker-2.3.30.jar:/home/pihu/.m2/repository/org/projectlombok/lombok/1.18.12/lombok-1.18.12.jar:/home/pihu/.m2/repository/com/aventstack/klov-reporter/5.0.6/klov-reporter-5.0.6.jar:/home/pihu/.m2/repository/org/mongodb/bson/3.6.4/bson-3.6.4.jar:/home/pihu/.m2/repository/tech/grasshopper/extent-pdf-report/1.7.1/extent-pdf-report-1.7.1.jar:/home/pihu/.m2/repository/tech/grasshopper/cucumber-pdf-report/2.2.1/cucumber-pdf-report-2.2.1.jar:/home/pihu/.m2/repository/org/apache/pdfbox/pdfbox/2.0.22/pdfbox-2.0.22.jar:/home/pihu/.m2/repository/org/apache/pdfbox/fontbox/2.0.22/fontbox-2.0.22.jar:/home/pihu/.m2/repository/org/knowm/xchart/xchart/3.8.0/xchart-3.8.0.jar:/home/pihu/.m2/repository/de/erichseifert/vectorgraphics2d/VectorGraphics2D/0.13/VectorGraphics2D-0.13.jar:/home/pihu/.m2/repository/de/rototor/pdfbox/graphics2d/0.30/graphics2d-0.30.jar:/home/pihu/.m2/repository/com/madgag/animated-gif-lib/1.4/animated-gif-lib-1.4.jar:/home/pihu/.m2/repository/tech/grasshopper/table-layout/1.2.0/table-layout-1.2.0.jar:/home/pihu/.m2/repository/org/mongodb/mongodb-driver/3.3.0/mongodb-driver-3.3.0.jar:/home/pihu/.m2/repository/org/mongodb/mongodb-driver-core/3.3.0/mongodb-driver-core-3.3.0.jar:/home/pihu/.m2/repository/io/cucumber/gherkin/13.0.0/gherkin-13.0.0.jar:/home/pihu/.m2/repository/io/cucumber/messages/12.0.0/messages-12.0.0.jar:/home/pihu/.m2/repository/io/github/bonigarcia/webdrivermanager/3.8.1/webdrivermanager-3.8.1.jar:/home/pihu/.m2/repository/org/slf4j/slf4j-api/1.7.25/slf4j-api-1.7.25.jar:/home/pihu/.m2/repository/commons-io/commons-io/2.6/commons-io-2.6.jar:/home/pihu/.m2/repository/com/google/code/gson/gson/2.8.5/gson-2.8.5.jar:/home/pihu/.m2/repository/org/rauschig/jarchivelib/1.0.0/jarchivelib-1.0.0.jar:/home/pihu/.m2/repository/org/jsoup/jsoup/1.11.3/jsoup-1.11.3.jar:/home/pihu/.m2/repository/com/opencsv/opencsv/5.2/opencsv-5.2.jar:/home/pihu/.m2/repository/org/apache/commons/commons-text/1.8/commons-text-1.8.jar:/home/pihu/.m2/repository/commons-beanutils/commons-beanutils/1.9.4/commons-beanutils-1.9.4.jar:/home/pihu/.m2/repository/org/apache/commons/commons-collections4/4.4/commons-collections4-4.4.jar:/home/pihu/.m2/repository/org/mariadb/jdbc/mariadb-java-client/2.3.0/mariadb-java-client-2.3.0.jar:/home/pihu/.m2/repository/io/rest-assured/rest-assured/4.2.0/rest-assured-4.2.0.jar:/home/pihu/.m2/repository/org/codehaus/groovy/groovy/2.5.8/groovy-2.5.8.jar:/home/pihu/.m2/repository/org/codehaus/groovy/groovy-xml/2.5.8/groovy-xml-2.5.8.jar:/home/pihu/.m2/repository/org/apache/httpcomponents/httpmime/4.5.3/httpmime-4.5.3.jar:/home/pihu/.m2/repository/org/hamcrest/hamcrest/2.1/hamcrest-2.1.jar:/home/pihu/.m2/repository/org/ccil/cowan/tagsoup/tagsoup/1.2.1/tagsoup-1.2.1.jar:/home/pihu/.m2/repository/io/rest-assured/json-path/4.2.0/json-path-4.2.0.jar:/home/pihu/.m2/repository/org/codehaus/groovy/groovy-json/2.5.8/groovy-json-2.5.8.jar:/home/pihu/.m2/repository/io/rest-assured/rest-assured-common/4.2.0/rest-assured-common-4.2.0.jar:/home/pihu/.m2/repository/io/rest-assured/xml-path/4.2.0/xml-path-4.2.0.jar:/home/pihu/.m2/repository/jakarta/xml/bind/jakarta.xml.bind-api/2.3.2/jakarta.xml.bind-api-2.3.2.jar:/home/pihu/.m2/repository/jakarta/activation/jakarta.activation-api/1.2.1/jakarta.activation-api-1.2.1.jar:/home/pihu/.m2/repository/com/sun/xml/bind/jaxb-osgi/2.3.0.1/jaxb-osgi-2.3.0.1.jar:/home/pihu/.m2/repository/org/apache/sling/org.apache.sling.javax.activation/0.1.0/org.apache.sling.javax.activation-0.1.0.jar:/home/pihu/.m2/repository/javax/activation/activation/1.1.1/activation-1.1.1.jar:/home/pihu/.m2/repository/org/apache/poi/poi-ooxml/4.1.2/poi-ooxml-4.1.2.jar:/home/pihu/.m2/repository/org/apache/poi/poi/4.1.2/poi-4.1.2.jar:/home/pihu/.m2/repository/org/apache/commons/commons-math3/3.6.1/commons-math3-3.6.1.jar:/home/pihu/.m2/repository/com/zaxxer/SparseBitSet/1.2/SparseBitSet-1.2.jar:/home/pihu/.m2/repository/org/apache/poi/poi-ooxml-schemas/4.1.2/poi-ooxml-schemas-4.1.2.jar:/home/pihu/.m2/repository/org/apache/xmlbeans/xmlbeans/3.1.0/xmlbeans-3.1.0.jar:/home/pihu/.m2/repository/org/apache/commons/commons-compress/1.19/commons-compress-1.19.jar:/home/pihu/.m2/repository/com/github/virtuald/curvesapi/1.06/curvesapi-1.06.jar:"/>
    <property name="java.vm.vendor" value="Oracle Corporation"/>
    <property name="sun.arch.data.model" value="64"/>
    <property name="sun.font.fontmanager" value="sun.awt.X11FontManager"/>
    <property name="java.vendor.url" value="https://openjdk.java.net/"/>
    <property name="user.timezone" value="Asia/Kolkata"/>
    <property name="java.vm.specification.version" value="11"/>
    <property name="os.name" value="Linux"/>
    <property name="sun.java.launcher" value="SUN_STANDARD"/>
    <property name="user.country" value="IN"/>
    <property name="sun.boot.library.path" value="/usr/lib/jvm/jdk-11.0.11/lib"/>
    <property name="sun.java.command" value="/home/pihu/dil_automation/target/surefire/surefirebooter3839948548940372624.jar /home/pihu/dil_automation/target/surefire 2021-11-09T16-08-19_859-jvmRun1 surefire10619856136535915461tmp surefire_012674340580277176730tmp"/>
    <property name="jdk.debug" value="release"/>
    <property name="surefire.test.class.path" value="/home/pihu/dil_automation/target/test-classes:/home/pihu/dil_automation/target/classes:/home/pihu/.m2/repository/org/seleniumhq/selenium/selenium-java/3.141.59/selenium-java-3.141.59.jar:/home/pihu/.m2/repository/org/seleniumhq/selenium/selenium-api/3.141.59/selenium-api-3.141.59.jar:/home/pihu/.m2/repository/org/seleniumhq/selenium/selenium-chrome-driver/3.141.59/selenium-chrome-driver-3.141.59.jar:/home/pihu/.m2/repository/org/seleniumhq/selenium/selenium-edge-driver/3.141.59/selenium-edge-driver-3.141.59.jar:/home/pihu/.m2/repository/org/seleniumhq/selenium/selenium-firefox-driver/3.141.59/selenium-firefox-driver-3.141.59.jar:/home/pihu/.m2/repository/org/seleniumhq/selenium/selenium-ie-driver/3.141.59/selenium-ie-driver-3.141.59.jar:/home/pihu/.m2/repository/org/seleniumhq/selenium/selenium-opera-driver/3.141.59/selenium-opera-driver-3.141.59.jar:/home/pihu/.m2/repository/org/seleniumhq/selenium/selenium-remote-driver/3.141.59/selenium-remote-driver-3.141.59.jar:/home/pihu/.m2/repository/org/seleniumhq/selenium/selenium-safari-driver/3.141.59/selenium-safari-driver-3.141.59.jar:/home/pihu/.m2/repository/org/seleniumhq/selenium/selenium-support/3.141.59/selenium-support-3.141.59.jar:/home/pihu/.m2/repository/net/bytebuddy/byte-buddy/1.8.15/byte-buddy-1.8.15.jar:/home/pihu/.m2/repository/org/apache/commons/commons-exec/1.3/commons-exec-1.3.jar:/home/pihu/.m2/repository/com/google/guava/guava/25.0-jre/guava-25.0-jre.jar:/home/pihu/.m2/repository/com/google/code/findbugs/jsr305/1.3.9/jsr305-1.3.9.jar:/home/pihu/.m2/repository/org/checkerframework/checker-compat-qual/2.0.0/checker-compat-qual-2.0.0.jar:/home/pihu/.m2/repository/com/google/errorprone/error_prone_annotations/2.1.3/error_prone_annotations-2.1.3.jar:/home/pihu/.m2/repository/com/google/j2objc/j2objc-annotations/1.1/j2objc-annotations-1.1.jar:/home/pihu/.m2/repository/org/codehaus/mojo/animal-sniffer-annotations/1.14/animal-sniffer-annotations-1.14.jar:/home/pihu/.m2/repository/com/squareup/okhttp3/okhttp/3.11.0/okhttp-3.11.0.jar:/home/pihu/.m2/repository/com/squareup/okio/okio/1.14.0/okio-1.14.0.jar:/home/pihu/.m2/repository/org/seleniumhq/selenium/selenium-htmlunit-driver/2.52.0/selenium-htmlunit-driver-2.52.0.jar:/home/pihu/.m2/repository/net/sourceforge/htmlunit/htmlunit/2.18/htmlunit-2.18.jar:/home/pihu/.m2/repository/xalan/xalan/2.7.2/xalan-2.7.2.jar:/home/pihu/.m2/repository/xalan/serializer/2.7.2/serializer-2.7.2.jar:/home/pihu/.m2/repository/net/sourceforge/htmlunit/htmlunit-core-js/2.17/htmlunit-core-js-2.17.jar:/home/pihu/.m2/repository/xerces/xercesImpl/2.11.0/xercesImpl-2.11.0.jar:/home/pihu/.m2/repository/net/sourceforge/nekohtml/nekohtml/1.9.22/nekohtml-1.9.22.jar:/home/pihu/.m2/repository/net/sourceforge/cssparser/cssparser/0.9.16/cssparser-0.9.16.jar:/home/pihu/.m2/repository/org/w3c/css/sac/1.3/sac-1.3.jar:/home/pihu/.m2/repository/commons-logging/commons-logging/1.2/commons-logging-1.2.jar:/home/pihu/.m2/repository/org/eclipse/jetty/websocket/websocket-client/9.2.12.v20150709/websocket-client-9.2.12.v20150709.jar:/home/pihu/.m2/repository/org/eclipse/jetty/jetty-util/9.2.12.v20150709/jetty-util-9.2.12.v20150709.jar:/home/pihu/.m2/repository/org/eclipse/jetty/jetty-io/9.2.12.v20150709/jetty-io-9.2.12.v20150709.jar:/home/pihu/.m2/repository/org/eclipse/jetty/websocket/websocket-common/9.2.12.v20150709/websocket-common-9.2.12.v20150709.jar:/home/pihu/.m2/repository/org/eclipse/jetty/websocket/websocket-api/9.2.12.v20150709/websocket-api-9.2.12.v20150709.jar:/home/pihu/.m2/repository/commons-collections/commons-collections/3.2.2/commons-collections-3.2.2.jar:/home/pihu/.m2/repository/org/apache/httpcomponents/httpclient/4.5.1/httpclient-4.5.1.jar:/home/pihu/.m2/repository/org/apache/httpcomponents/httpcore/4.4.3/httpcore-4.4.3.jar:/home/pihu/.m2/repository/io/cucumber/cucumber-picocontainer/5.7.0/cucumber-picocontainer-5.7.0.jar:/home/pihu/.m2/repository/org/apiguardian/apiguardian-api/1.1.0/apiguardian-api-1.1.0.jar:/home/pihu/.m2/repository/org/picocontainer/picocontainer/2.15/picocontainer-2.15.jar:/home/pihu/.m2/repository/log4j/log4j/1.2.17/log4j-1.2.17.jar:/home/pihu/.m2/repository/junit/junit/4.13/junit-4.13.jar:/home/pihu/.m2/repository/org/hamcrest/hamcrest-core/1.3/hamcrest-core-1.3.jar:/home/pihu/.m2/repository/com/github/mkolisnyk/cucumber-runner/1.0.8/cucumber-runner-1.0.8.jar:/home/pihu/.m2/repository/com/github/mkolisnyk/cucumber-report-generator/1.0.8/cucumber-report-generator-1.0.8.jar:/home/pihu/.m2/repository/xml-apis/xml-apis/1.4.01/xml-apis-1.4.01.jar:/home/pihu/.m2/repository/batik/batik-transcoder/1.6-1/batik-transcoder-1.6-1.jar:/home/pihu/.m2/repository/batik/batik-bridge/1.6-1/batik-bridge-1.6-1.jar:/home/pihu/.m2/repository/batik/batik-gvt/1.6-1/batik-gvt-1.6-1.jar:/home/pihu/.m2/repository/batik/batik-awt-util/1.6-1/batik-awt-util-1.6-1.jar:/home/pihu/.m2/repository/batik/batik-util/1.6-1/batik-util-1.6-1.jar:/home/pihu/.m2/repository/batik/batik-gui-util/1.6-1/batik-gui-util-1.6-1.jar:/home/pihu/.m2/repository/batik/batik-ext/1.6-1/batik-ext-1.6-1.jar:/home/pihu/.m2/repository/xml-apis/xmlParserAPIs/2.0.2/xmlParserAPIs-2.0.2.jar:/home/pihu/.m2/repository/batik/batik-script/1.6-1/batik-script-1.6-1.jar:/home/pihu/.m2/repository/rhino/js/1.5R4.1/js-1.5R4.1.jar:/home/pihu/.m2/repository/batik/batik-svg-dom/1.6-1/batik-svg-dom-1.6-1.jar:/home/pihu/.m2/repository/batik/batik-dom/1.6-1/batik-dom-1.6-1.jar:/home/pihu/.m2/repository/batik/batik-css/1.6-1/batik-css-1.6-1.jar:/home/pihu/.m2/repository/batik/batik-xml/1.6-1/batik-xml-1.6-1.jar:/home/pihu/.m2/repository/batik/batik-parser/1.6-1/batik-parser-1.6-1.jar:/home/pihu/.m2/repository/com/itextpdf/itextpdf/5.5.10/itextpdf-5.5.10.jar:/home/pihu/.m2/repository/com/cedarsoftware/json-io/4.8.0/json-io-4.8.0.jar:/home/pihu/.m2/repository/info/cukes/cucumber-junit/1.2.5/cucumber-junit-1.2.5.jar:/home/pihu/.m2/repository/info/cukes/cucumber-core/1.2.5/cucumber-core-1.2.5.jar:/home/pihu/.m2/repository/info/cukes/cucumber-html/0.2.3/cucumber-html-0.2.3.jar:/home/pihu/.m2/repository/info/cukes/cucumber-jvm-deps/1.0.5/cucumber-jvm-deps-1.0.5.jar:/home/pihu/.m2/repository/info/cukes/gherkin/2.12.2/gherkin-2.12.2.jar:/home/pihu/.m2/repository/info/cukes/cucumber-testng/1.2.5/cucumber-testng-1.2.5.jar:/home/pihu/.m2/repository/org/xhtmlrenderer/flying-saucer-pdf/9.0.9/flying-saucer-pdf-9.0.9.jar:/home/pihu/.m2/repository/com/lowagie/itext/2.1.7/itext-2.1.7.jar:/home/pihu/.m2/repository/bouncycastle/bcmail-jdk14/138/bcmail-jdk14-138.jar:/home/pihu/.m2/repository/bouncycastle/bcprov-jdk14/138/bcprov-jdk14-138.jar:/home/pihu/.m2/repository/org/bouncycastle/bctsp-jdk14/1.38/bctsp-jdk14-1.38.jar:/home/pihu/.m2/repository/org/xhtmlrenderer/flying-saucer-core/9.0.9/flying-saucer-core-9.0.9.jar:/home/pihu/.m2/repository/org/apache/commons/commons-lang3/3.4/commons-lang3-3.4.jar:/home/pihu/.m2/repository/commons-codec/commons-codec/1.10/commons-codec-1.10.jar:/home/pihu/.m2/repository/org/javassist/javassist/3.22.0-CR1/javassist-3.22.0-CR1.jar:/home/pihu/.m2/repository/joda-time/joda-time/2.9.4/joda-time-2.9.4.jar:/home/pihu/.m2/repository/org/codehaus/plexus/plexus-utils/3.0.1/plexus-utils-3.0.1.jar:/home/pihu/.m2/repository/org/apache/maven/maven-plugin-api/2.0/maven-plugin-api-2.0.jar:/home/pihu/.m2/repository/org/apache/maven/reporting/maven-reporting-api/2.0.8/maven-reporting-api-2.0.8.jar:/home/pihu/.m2/repository/org/apache/maven/doxia/doxia-sink-api/1.0-alpha-9/doxia-sink-api-1.0-alpha-9.jar:/home/pihu/.m2/repository/org/apache/maven/reporting/maven-reporting-impl/2.0.4.3/maven-reporting-impl-2.0.4.3.jar:/home/pihu/.m2/repository/org/apache/maven/maven-project/2.0.4/maven-project-2.0.4.jar:/home/pihu/.m2/repository/org/apache/maven/maven-settings/2.0.4/maven-settings-2.0.4.jar:/home/pihu/.m2/repository/org/apache/maven/maven-profile/2.0.4/maven-profile-2.0.4.jar:/home/pihu/.m2/repository/org/apache/maven/maven-model/2.0.4/maven-model-2.0.4.jar:/home/pihu/.m2/repository/org/apache/maven/maven-artifact-manager/2.0.4/maven-artifact-manager-2.0.4.jar:/home/pihu/.m2/repository/org/apache/maven/maven-repository-metadata/2.0.4/maven-repository-metadata-2.0.4.jar:/home/pihu/.m2/repository/org/apache/maven/wagon/wagon-provider-api/1.0-alpha-6/wagon-provider-api-1.0-alpha-6.jar:/home/pihu/.m2/repository/org/apache/maven/maven-artifact/2.0.4/maven-artifact-2.0.4.jar:/home/pihu/.m2/repository/org/codehaus/plexus/plexus-container-default/1.0-alpha-9/plexus-container-default-1.0-alpha-9.jar:/home/pihu/.m2/repository/classworlds/classworlds/1.1-alpha-2/classworlds-1.1-alpha-2.jar:/home/pihu/.m2/repository/org/apache/maven/doxia/doxia-core/1.0/doxia-core-1.0.jar:/home/pihu/.m2/repository/org/apache/maven/doxia/doxia-site-renderer/1.0/doxia-site-renderer-1.0.jar:/home/pihu/.m2/repository/org/codehaus/plexus/plexus-i18n/1.0-beta-7/plexus-i18n-1.0-beta-7.jar:/home/pihu/.m2/repository/org/codehaus/plexus/plexus-velocity/1.1.7/plexus-velocity-1.1.7.jar:/home/pihu/.m2/repository/org/apache/velocity/velocity/1.5/velocity-1.5.jar:/home/pihu/.m2/repository/commons-lang/commons-lang/2.1/commons-lang-2.1.jar:/home/pihu/.m2/repository/org/apache/maven/doxia/doxia-decoration-model/1.0/doxia-decoration-model-1.0.jar:/home/pihu/.m2/repository/org/apache/maven/doxia/doxia-module-apt/1.0/doxia-module-apt-1.0.jar:/home/pihu/.m2/repository/org/apache/maven/doxia/doxia-module-fml/1.0/doxia-module-fml-1.0.jar:/home/pihu/.m2/repository/org/apache/maven/doxia/doxia-module-xdoc/1.0/doxia-module-xdoc-1.0.jar:/home/pihu/.m2/repository/org/apache/maven/doxia/doxia-module-xhtml/1.0/doxia-module-xhtml-1.0.jar:/home/pihu/.m2/repository/commons-validator/commons-validator/1.2.0/commons-validator-1.2.0.jar:/home/pihu/.m2/repository/commons-digester/commons-digester/1.6/commons-digester-1.6.jar:/home/pihu/.m2/repository/oro/oro/2.0.8/oro-2.0.8.jar:/home/pihu/.m2/repository/org/apache/maven/shared/maven-doxia-tools/1.0.2/maven-doxia-tools-1.0.2.jar:/home/pihu/.m2/repository/io/cucumber/cucumber-java/5.7.0/cucumber-java-5.7.0.jar:/home/pihu/.m2/repository/org/apache/maven/plugins/maven-failsafe-plugin/3.0.0-M4/maven-failsafe-plugin-3.0.0-M4.jar:/home/pihu/.m2/repository/org/apache/maven/surefire/maven-surefire-common/3.0.0-M4/maven-surefire-common-3.0.0-M4.jar:/home/pihu/.m2/repository/org/apache/maven/surefire/surefire-api/3.0.0-M4/surefire-api-3.0.0-M4.jar:/home/pihu/.m2/repository/org/apache/maven/surefire/surefire-logger-api/3.0.0-M4/surefire-logger-api-3.0.0-M4.jar:/home/pihu/.m2/repository/org/apache/maven/surefire/surefire-extensions-api/3.0.0-M4/surefire-extensions-api-3.0.0-M4.jar:/home/pihu/.m2/repository/org/apache/maven/surefire/surefire-booter/3.0.0-M4/surefire-booter-3.0.0-M4.jar:/home/pihu/.m2/repository/org/apache/maven/maven-toolchain/3.0-alpha-2/maven-toolchain-3.0-alpha-2.jar:/home/pihu/.m2/repository/org/apache/maven/shared/maven-artifact-transfer/0.11.0/maven-artifact-transfer-0.11.0.jar:/home/pihu/.m2/repository/org/apache/maven/shared/maven-common-artifact-filters/3.0.1/maven-common-artifact-filters-3.0.1.jar:/home/pihu/.m2/repository/org/sonatype/sisu/sisu-inject-plexus/1.4.2/sisu-inject-plexus-1.4.2.jar:/home/pihu/.m2/repository/org/codehaus/plexus/plexus-classworlds/2.2.3/plexus-classworlds-2.2.3.jar:/home/pihu/.m2/repository/org/sonatype/sisu/sisu-inject-bean/1.4.2/sisu-inject-bean-1.4.2.jar:/home/pihu/.m2/repository/org/sonatype/sisu/sisu-guice/2.1.7/sisu-guice-2.1.7-noaop.jar:/home/pihu/.m2/repository/org/apache/maven/shared/maven-shared-utils/3.1.0/maven-shared-utils-3.1.0.jar:/home/pihu/.m2/repository/org/codehaus/plexus/plexus-java/1.0.3/plexus-java-1.0.3.jar:/home/pihu/.m2/repository/org/ow2/asm/asm/7.0/asm-7.0.jar:/home/pihu/.m2/repository/com/thoughtworks/qdox/qdox/2.0-M9/qdox-2.0-M9.jar:/home/pihu/.m2/repository/io/cucumber/cucumber-core/5.7.0/cucumber-core-5.7.0.jar:/home/pihu/.m2/repository/io/cucumber/cucumber-gherkin/5.7.0/cucumber-gherkin-5.7.0.jar:/home/pihu/.m2/repository/io/cucumber/cucumber-gherkin-vintage/5.7.0/cucumber-gherkin-vintage-5.7.0.jar:/home/pihu/.m2/repository/io/cucumber/tag-expressions/2.0.4/tag-expressions-2.0.4.jar:/home/pihu/.m2/repository/io/cucumber/datatable/3.3.1/datatable-3.3.1.jar:/home/pihu/.m2/repository/io/cucumber/cucumber-plugin/5.7.0/cucumber-plugin-5.7.0.jar:/home/pihu/.m2/repository/io/cucumber/docstring/5.7.0/docstring-5.7.0.jar:/home/pihu/.m2/repository/io/cucumber/cucumber-testng/5.7.0/cucumber-testng-5.7.0.jar:/home/pihu/.m2/repository/org/testng/testng/7.1.0/testng-7.1.0.jar:/home/pihu/.m2/repository/com/beust/jcommander/1.72/jcommander-1.72.jar:/home/pihu/.m2/repository/com/google/inject/guice/4.1.0/guice-4.1.0-no_aop.jar:/home/pihu/.m2/repository/javax/inject/javax.inject/1/javax.inject-1.jar:/home/pihu/.m2/repository/aopalliance/aopalliance/1.0/aopalliance-1.0.jar:/home/pihu/.m2/repository/org/yaml/snakeyaml/1.21/snakeyaml-1.21.jar:/home/pihu/.m2/repository/io/cucumber/cucumber-junit/5.7.0/cucumber-junit-5.7.0.jar:/home/pihu/.m2/repository/io/cucumber/cucumber-expressions/10.1.0/cucumber-expressions-10.1.0.jar:/home/pihu/.m2/repository/com/vimalselvam/cucumber-extentsreport/3.0.2/cucumber-extentsreport-3.0.2.jar:/home/pihu/.m2/repository/tech/grasshopper/extentreports-cucumber5-adapter/2.8.1/extentreports-cucumber5-adapter-2.8.1.jar:/home/pihu/.m2/repository/com/aventstack/extentreports/5.0.6/extentreports-5.0.6.jar:/home/pihu/.m2/repository/io/reactivex/rxjava3/rxjava/3.0.4/rxjava-3.0.4.jar:/home/pihu/.m2/repository/org/reactivestreams/reactive-streams/1.0.3/reactive-streams-1.0.3.jar:/home/pihu/.m2/repository/org/freemarker/freemarker/2.3.30/freemarker-2.3.30.jar:/home/pihu/.m2/repository/org/projectlombok/lombok/1.18.12/lombok-1.18.12.jar:/home/pihu/.m2/repository/com/aventstack/klov-reporter/5.0.6/klov-reporter-5.0.6.jar:/home/pihu/.m2/repository/org/mongodb/bson/3.6.4/bson-3.6.4.jar:/home/pihu/.m2/repository/tech/grasshopper/extent-pdf-report/1.7.1/extent-pdf-report-1.7.1.jar:/home/pihu/.m2/repository/tech/grasshopper/cucumber-pdf-report/2.2.1/cucumber-pdf-report-2.2.1.jar:/home/pihu/.m2/repository/org/apache/pdfbox/pdfbox/2.0.22/pdfbox-2.0.22.jar:/home/pihu/.m2/repository/org/apache/pdfbox/fontbox/2.0.22/fontbox-2.0.22.jar:/home/pihu/.m2/repository/org/knowm/xchart/xchart/3.8.0/xchart-3.8.0.jar:/home/pihu/.m2/repository/de/erichseifert/vectorgraphics2d/VectorGraphics2D/0.13/VectorGraphics2D-0.13.jar:/home/pihu/.m2/repository/de/rototor/pdfbox/graphics2d/0.30/graphics2d-0.30.jar:/home/pihu/.m2/repository/com/madgag/animated-gif-lib/1.4/animated-gif-lib-1.4.jar:/home/pihu/.m2/repository/tech/grasshopper/table-layout/1.2.0/table-layout-1.2.0.jar:/home/pihu/.m2/repository/org/mongodb/mongodb-driver/3.3.0/mongodb-driver-3.3.0.jar:/home/pihu/.m2/repository/org/mongodb/mongodb-driver-core/3.3.0/mongodb-driver-core-3.3.0.jar:/home/pihu/.m2/repository/io/cucumber/gherkin/13.0.0/gherkin-13.0.0.jar:/home/pihu/.m2/repository/io/cucumber/messages/12.0.0/messages-12.0.0.jar:/home/pihu/.m2/repository/io/github/bonigarcia/webdrivermanager/3.8.1/webdrivermanager-3.8.1.jar:/home/pihu/.m2/repository/org/slf4j/slf4j-api/1.7.25/slf4j-api-1.7.25.jar:/home/pihu/.m2/repository/commons-io/commons-io/2.6/commons-io-2.6.jar:/home/pihu/.m2/repository/com/google/code/gson/gson/2.8.5/gson-2.8.5.jar:/home/pihu/.m2/repository/org/rauschig/jarchivelib/1.0.0/jarchivelib-1.0.0.jar:/home/pihu/.m2/repository/org/jsoup/jsoup/1.11.3/jsoup-1.11.3.jar:/home/pihu/.m2/repository/com/opencsv/opencsv/5.2/opencsv-5.2.jar:/home/pihu/.m2/repository/org/apache/commons/commons-text/1.8/commons-text-1.8.jar:/home/pihu/.m2/repository/commons-beanutils/commons-beanutils/1.9.4/commons-beanutils-1.9.4.jar:/home/pihu/.m2/repository/org/apache/commons/commons-collections4/4.4/commons-collections4-4.4.jar:/home/pihu/.m2/repository/org/mariadb/jdbc/mariadb-java-client/2.3.0/mariadb-java-client-2.3.0.jar:/home/pihu/.m2/repository/io/rest-assured/rest-assured/4.2.0/rest-assured-4.2.0.jar:/home/pihu/.m2/repository/org/codehaus/groovy/groovy/2.5.8/groovy-2.5.8.jar:/home/pihu/.m2/repository/org/codehaus/groovy/groovy-xml/2.5.8/groovy-xml-2.5.8.jar:/home/pihu/.m2/repository/org/apache/httpcomponents/httpmime/4.5.3/httpmime-4.5.3.jar:/home/pihu/.m2/repository/org/hamcrest/hamcrest/2.1/hamcrest-2.1.jar:/home/pihu/.m2/repository/org/ccil/cowan/tagsoup/tagsoup/1.2.1/tagsoup-1.2.1.jar:/home/pihu/.m2/repository/io/rest-assured/json-path/4.2.0/json-path-4.2.0.jar:/home/pihu/.m2/repository/org/codehaus/groovy/groovy-json/2.5.8/groovy-json-2.5.8.jar:/home/pihu/.m2/repository/io/rest-assured/rest-assured-common/4.2.0/rest-assured-common-4.2.0.jar:/home/pihu/.m2/repository/io/rest-assured/xml-path/4.2.0/xml-path-4.2.0.jar:/home/pihu/.m2/repository/jakarta/xml/bind/jakarta.xml.bind-api/2.3.2/jakarta.xml.bind-api-2.3.2.jar:/home/pihu/.m2/repository/jakarta/activation/jakarta.activation-api/1.2.1/jakarta.activation-api-1.2.1.jar:/home/pihu/.m2/repository/com/sun/xml/bind/jaxb-osgi/2.3.0.1/jaxb-osgi-2.3.0.1.jar:/home/pihu/.m2/repository/org/apache/sling/org.apache.sling.javax.activation/0.1.0/org.apache.sling.javax.activation-0.1.0.jar:/home/pihu/.m2/repository/javax/activation/activation/1.1.1/activation-1.1.1.jar:/home/pihu/.m2/repository/org/apache/poi/poi-ooxml/4.1.2/poi-ooxml-4.1.2.jar:/home/pihu/.m2/repository/org/apache/poi/poi/4.1.2/poi-4.1.2.jar:/home/pihu/.m2/repository/org/apache/commons/commons-math3/3.6.1/commons-math3-3.6.1.jar:/home/pihu/.m2/repository/com/zaxxer/SparseBitSet/1.2/SparseBitSet-1.2.jar:/home/pihu/.m2/repository/org/apache/poi/poi-ooxml-schemas/4.1.2/poi-ooxml-schemas-4.1.2.jar:/home/pihu/.m2/repository/org/apache/xmlbeans/xmlbeans/3.1.0/xmlbeans-3.1.0.jar:/home/pihu/.m2/repository/org/apache/commons/commons-compress/1.19/commons-compress-1.19.jar:/home/pihu/.m2/repository/com/github/virtuald/curvesapi/1.06/curvesapi-1.06.jar:"/>
    <property name="sun.cpu.endian" value="little"/>
    <property name="user.home" value="/home/pihu"/>
    <property name="user.language" value="en"/>
    <property name="java.specification.vendor" value="Oracle Corporation"/>
    <property name="java.version.date" value="2021-04-20"/>
    <property name="java.home" value="/usr/lib/jvm/jdk-11.0.11"/>
    <property name="file.separator" value="/"/>
    <property name="basedir" value="/home/pihu/dil_automation"/>
    <property name="java.vm.compressedOopsMode" value="Zero based"/>
    <property name="line.separator" value="&#10;"/>
    <property name="java.specification.name" value="Java Platform API Specification"/>
    <property name="java.vm.specification.vendor" value="Oracle Corporation"/>
    <property name="java.awt.graphicsenv" value="sun.awt.X11GraphicsEnvironment"/>
    <property name="surefire.real.class.path" value="/home/pihu/dil_automation/target/surefire/surefirebooter3839948548940372624.jar"/>
    <property name="sun.management.compiler" value="HotSpot 64-Bit Tiered Compilers"/>
    <property name="java.runtime.version" value="11.0.11+9-LTS-194"/>
    <property name="user.name" value="pihu"/>
    <property name="path.separator" value=":"/>
    <property name="os.version" value="5.11.0-38-generic"/>
    <property name="java.runtime.name" value="Java(TM) SE Runtime Environment"/>
    <property name="file.encoding" value="UTF-8"/>
    <property name="java.vm.name" value="Java HotSpot(TM) 64-Bit Server VM"/>
    <property name="java.vendor.version" value="18.9"/>
    <property name="localRepository" value="/home/pihu/.m2/repository"/>
    <property name="java.vendor.url.bug" value="https://bugreport.java.com/bugreport/"/>
    <property name="java.io.tmpdir" value="/tmp"/>
    <property name="idea.version" value="2021.2.3"/>
    <property name="java.version" value="11.0.11"/>
    <property name="user.dir" value="/home/pihu/dil_automation"/>
    <property name="os.arch" value="amd64"/>
    <property name="java.vm.specification.name" value="Java Virtual Machine Specification"/>
    <property name="java.awt.printerjob" value="sun.print.PSPrinterJob"/>
    <property name="sun.os.patch.level" value="unknown"/>
    <property name="java.library.path" value="/usr/java/packages/lib:/usr/lib64:/lib64:/lib:/usr/lib"/>
    <property name="java.vendor" value="Oracle Corporation"/>
    <property name="java.vm.info" value="mixed mode"/>
    <property name="java.vm.version" value="11.0.11+9-LTS-194"/>
    <property name="sun.io.unicode.encoding" value="UnicodeLittle"/>
    <property name="java.class.version" value="55.0"/>
  </properties>
</testsuite>